<?xml version="1.0" encoding="UTF-8"?>
<testsuites name="Mocha Tests" time="0.018" tests="20" failures="0">
  <testsuite name="Root Suite" timestamp="2018-12-17T07:23:13" tests="0" failures="0" time="0">
  </testsuite>
  <testsuite name="#Factory" timestamp="2018-12-17T07:23:13" tests="2" file="/Users/andeladeveloper/Work/Projects/d1-to-d2/rpn-generator/server/factories/factory.test.js" failures="0" time="0.002">
    <testcase name="#Factory should be defined" time="0.001" classname="should be defined">
    </testcase>
    <testcase name="#Factory should create a new instance" time="0.001" classname="should create a new instance">
    </testcase>
  </testsuite>
  <testsuite name="#getFactoryName" timestamp="2018-12-17T07:23:13" tests="2" file="/Users/andeladeveloper/Work/Projects/d1-to-d2/rpn-generator/server/factories/factory.test.js" failures="0" time="0.001">
    <testcase name="#Factory #getFactoryName should return factory name" time="0" classname="should return factory name">
    </testcase>
    <testcase name="#Factory #getFactoryName should return default factory name if factory name was not set" time="0.001" classname="should return default factory name if factory name was not set">
    </testcase>
  </testsuite>
  <testsuite name="#build" timestamp="2018-12-17T07:23:13" tests="2" file="/Users/andeladeveloper/Work/Projects/d1-to-d2/rpn-generator/server/factories/factory.test.js" failures="0" time="0.001">
    <testcase name="#Factory #build should throw error if factory type does not exist" time="0.001" classname="should throw error if factory type does not exist">
    </testcase>
    <testcase name="#Factory #build should build data if factory type exists" time="0" classname="should build data if factory type exists">
    </testcase>
  </testsuite>
  <testsuite name="#buildList" timestamp="2018-12-17T07:23:13" tests="2" file="/Users/andeladeveloper/Work/Projects/d1-to-d2/rpn-generator/server/factories/factory.test.js" failures="0" time="0.006">
    <testcase name="#Factory #buildList should be build a list with defined factory type" time="0.001" classname="should be build a list with defined factory type">
    </testcase>
    <testcase name="#Factory #buildList should save list to file is shouldSaveToFile is true" time="0.005" classname="should save list to file is shouldSaveToFile is true">
    </testcase>
  </testsuite>
  <testsuite name="#PhoneNumberFactory" timestamp="2018-12-17T07:23:13" tests="2" file="/Users/andeladeveloper/Work/Projects/d1-to-d2/rpn-generator/server/factories/phoneNumberFactory.test.js" failures="0" time="0.001">
    <testcase name="#PhoneNumberFactory should have a type and name" time="0" classname="should have a type and name">
    </testcase>
    <testcase name="#PhoneNumberFactory should have Factory methods" time="0.001" classname="should have Factory methods">
    </testcase>
  </testsuite>
  <testsuite name="#phone" timestamp="2018-12-17T07:23:13" tests="1" file="/Users/andeladeveloper/Work/Projects/d1-to-d2/rpn-generator/server/factories/types/phone.test.js" failures="0" time="0.001">
    <testcase name="#phone should create a phone number with defined digits" time="0.001" classname="should create a phone number with defined digits">
    </testcase>
  </testsuite>
  <testsuite name="#logger" timestamp="2018-12-17T07:23:13" tests="0" file="/Users/andeladeveloper/Work/Projects/d1-to-d2/rpn-generator/server/helpers/logger.test.js" failures="0" time="0">
  </testsuite>
  <testsuite name="#methods" timestamp="2018-12-17T07:23:13" tests="3" file="/Users/andeladeveloper/Work/Projects/d1-to-d2/rpn-generator/server/helpers/logger.test.js" failures="0" time="0">
    <testcase name="#logger #methods should have an error method" time="0" classname="should have an error method">
    </testcase>
    <testcase name="#logger #methods should have a success method" time="0" classname="should have a success method">
    </testcase>
    <testcase name="#logger #methods should have a warn method" time="0" classname="should have a warn method">
    </testcase>
  </testsuite>
  <testsuite name="#error" timestamp="2018-12-17T07:23:13" tests="1" file="/Users/andeladeveloper/Work/Projects/d1-to-d2/rpn-generator/server/helpers/logger.test.js" failures="0" time="0.002">
    <testcase name="#logger #error should log error message" time="0.002" classname="should log error message">
    </testcase>
  </testsuite>
  <testsuite name="#success" timestamp="2018-12-17T07:23:13" tests="1" file="/Users/andeladeveloper/Work/Projects/d1-to-d2/rpn-generator/server/helpers/logger.test.js" failures="0" time="0">
    <testcase name="#logger #success should log success message" time="0" classname="should log success message">
    </testcase>
  </testsuite>
  <testsuite name="#warn" timestamp="2018-12-17T07:23:13" tests="1" file="/Users/andeladeveloper/Work/Projects/d1-to-d2/rpn-generator/server/helpers/logger.test.js" failures="0" time="0.001">
    <testcase name="#logger #warn should log warning message" time="0.001" classname="should log warning message">
    </testcase>
  </testsuite>
  <testsuite name="#saveToDirectory" timestamp="2018-12-17T07:23:13" tests="2" file="/Users/andeladeveloper/Work/Projects/d1-to-d2/rpn-generator/server/helpers/saveToFile.test.js" failures="0" time="0.003">
    <testcase name="#saveToDirectory should log error message if an error occured while saving data to file" time="0.001" classname="should log error message if an error occured while saving data to file">
    </testcase>
    <testcase name="#saveToDirectory should log success message if data was saved to file" time="0.002" classname="should log success message if data was saved to file">
    </testcase>
  </testsuite>
  <testsuite name="#Sample Test" timestamp="2018-12-17T07:23:13" tests="1" file="/Users/andeladeveloper/Work/Projects/d1-to-d2/rpn-generator/server/routes/index.test.js" failures="0" time="0">
    <testcase name="#Sample Test should run successfully" time="0" classname="should run successfully">
    </testcase>
  </testsuite>
</testsuites>